<?xml version="1.0" encoding="UTF-8"?>
<coverage generated="1677285876478" clover="3.2.0">
  <project timestamp="1677285876479" name="All files">
    <metrics statements="133" coveredstatements="129" conditionals="18" coveredconditionals="16" methods="6" coveredmethods="6" elements="157" coveredelements="151" complexity="0" loc="133" ncloc="133" packages="1" files="6" classes="6"/>
    <file name="Carousel.jsx" path="/home/tmatkovic/Projects/citr-v8-project/Testing/src/Carousel.jsx">
      <metrics statements="47" coveredstatements="47" conditionals="7" coveredconditionals="7" methods="4" coveredmethods="4"/>
      <line num="1" count="1" type="stmt"/>
      <line num="2" count="1" type="stmt"/>
      <line num="3" count="1" type="stmt"/>
      <line num="4" count="1" type="cond" truecount="1" falsecount="0"/>
      <line num="5" count="1" type="stmt"/>
      <line num="6" count="1" type="stmt"/>
      <line num="7" count="1" type="stmt"/>
      <line num="8" count="1" type="stmt"/>
      <line num="9" count="1" type="cond" truecount="1" falsecount="0"/>
      <line num="10" count="1" type="stmt"/>
      <line num="11" count="1" type="stmt"/>
      <line num="12" count="1" type="stmt"/>
      <line num="13" count="1" type="stmt"/>
      <line num="14" count="1" type="cond" truecount="1" falsecount="0"/>
      <line num="15" count="4" type="stmt"/>
      <line num="16" count="4" type="stmt"/>
      <line num="17" count="4" type="stmt"/>
      <line num="18" count="4" type="stmt"/>
      <line num="19" count="4" type="stmt"/>
      <line num="20" count="4" type="stmt"/>
      <line num="21" count="4" type="stmt"/>
      <line num="22" count="1" type="cond" truecount="1" falsecount="0"/>
      <line num="23" count="5" type="stmt"/>
      <line num="24" count="5" type="stmt"/>
      <line num="25" count="5" type="stmt"/>
      <line num="26" count="5" type="stmt"/>
      <line num="27" count="5" type="stmt"/>
      <line num="28" count="5" type="stmt"/>
      <line num="29" count="5" type="stmt"/>
      <line num="30" count="5" type="stmt"/>
      <line num="31" count="5" type="cond" truecount="1" falsecount="0"/>
      <line num="32" count="20" type="stmt"/>
      <line num="33" count="20" type="stmt"/>
      <line num="34" count="20" type="stmt"/>
      <line num="35" count="20" type="stmt"/>
      <line num="36" count="20" type="stmt"/>
      <line num="37" count="20" type="stmt"/>
      <line num="38" count="20" type="cond" truecount="2" falsecount="0"/>
      <line num="39" count="20" type="stmt"/>
      <line num="40" count="20" type="stmt"/>
      <line num="41" count="5" type="stmt"/>
      <line num="42" count="5" type="stmt"/>
      <line num="43" count="5" type="stmt"/>
      <line num="44" count="5" type="stmt"/>
      <line num="45" count="5" type="stmt"/>
      <line num="46" count="5" type="stmt"/>
      <line num="47" count="5" type="stmt"/>
    </file>
    <file name="Pet.jsx" path="/home/tmatkovic/Projects/citr-v8-project/Testing/src/Pet.jsx">
      <metrics statements="23" coveredstatements="23" conditionals="2" coveredconditionals="2" methods="0" coveredmethods="0"/>
      <line num="1" count="1" type="stmt"/>
      <line num="2" count="1" type="stmt"/>
      <line num="3" count="1" type="stmt"/>
      <line num="4" count="1" type="stmt"/>
      <line num="5" count="1" type="stmt"/>
      <line num="6" count="1" type="cond" truecount="1" falsecount="0"/>
      <line num="7" count="11" type="stmt"/>
      <line num="8" count="11" type="stmt"/>
      <line num="9" count="1" type="cond" truecount="1" falsecount="0"/>
      <line num="10" count="1" type="stmt"/>
      <line num="11" count="1" type="stmt"/>
      <line num="12" count="1" type="stmt"/>
      <line num="13" count="1" type="stmt"/>
      <line num="14" count="1" type="stmt"/>
      <line num="15" count="1" type="stmt"/>
      <line num="16" count="1" type="stmt"/>
      <line num="17" count="1" type="stmt"/>
      <line num="18" count="1" type="stmt"/>
      <line num="19" count="1" type="stmt"/>
      <line num="20" count="1" type="stmt"/>
      <line num="21" count="1" type="stmt"/>
      <line num="22" count="1" type="stmt"/>
      <line num="23" count="1" type="stmt"/>
    </file>
    <file name="Results.jsx" path="/home/tmatkovic/Projects/citr-v8-project/Testing/src/Results.jsx">
      <metrics statements="25" coveredstatements="25" conditionals="4" coveredconditionals="4" methods="1" coveredmethods="1"/>
      <line num="1" count="1" type="stmt"/>
      <line num="2" count="1" type="stmt"/>
      <line num="3" count="1" type="stmt"/>
      <line num="4" count="1" type="stmt"/>
      <line num="5" count="1" type="cond" truecount="1" falsecount="0"/>
      <line num="6" count="2" type="stmt"/>
      <line num="7" count="2" type="cond" truecount="1" falsecount="0"/>
      <line num="8" count="1" type="stmt"/>
      <line num="9" count="1" type="stmt"/>
      <line num="10" count="2" type="cond" truecount="2" falsecount="0"/>
      <line num="11" count="10" type="stmt"/>
      <line num="12" count="10" type="stmt"/>
      <line num="13" count="10" type="stmt"/>
      <line num="14" count="10" type="stmt"/>
      <line num="15" count="10" type="stmt"/>
      <line num="16" count="10" type="stmt"/>
      <line num="17" count="10" type="stmt"/>
      <line num="18" count="10" type="stmt"/>
      <line num="19" count="10" type="stmt"/>
      <line num="20" count="10" type="stmt"/>
      <line num="21" count="2" type="stmt"/>
      <line num="22" count="2" type="stmt"/>
      <line num="23" count="2" type="stmt"/>
      <line num="24" count="2" type="stmt"/>
      <line num="25" count="2" type="stmt"/>
    </file>
    <file name="fetchBreedList.js" path="/home/tmatkovic/Projects/citr-v8-project/Testing/src/fetchBreedList.js">
      <metrics statements="20" coveredstatements="17" conditionals="4" coveredconditionals="3" methods="1" coveredmethods="1"/>
      <line num="1" count="1" type="stmt"/>
      <line num="2" count="1" type="cond" truecount="1" falsecount="0"/>
      <line num="3" count="2" type="stmt"/>
      <line num="4" count="2" type="stmt"/>
      <line num="5" count="2" type="stmt"/>
      <line num="6" count="2" type="stmt"/>
      <line num="7" count="2" type="stmt"/>
      <line num="8" count="2" type="cond" truecount="1" falsecount="0"/>
      <line num="9" count="1" type="stmt"/>
      <line num="10" count="1" type="stmt"/>
      <line num="11" count="1" type="stmt"/>
      <line num="12" count="1" type="stmt"/>
      <line num="13" count="2" type="cond" truecount="0" falsecount="1"/>
      <line num="14" count="0" type="stmt"/>
      <line num="15" count="0" type="stmt"/>
      <line num="16" count="0" type="stmt"/>
      <line num="17" count="2" type="cond" truecount="1" falsecount="0"/>
      <line num="18" count="1" type="stmt"/>
      <line num="19" count="1" type="stmt"/>
      <line num="20" count="1" type="stmt"/>
    </file>
    <file name="setupVitest.js" path="/home/tmatkovic/Projects/citr-v8-project/Testing/src/setupVitest.js">
      <metrics statements="7" coveredstatements="7" conditionals="0" coveredconditionals="0" methods="0" coveredmethods="0"/>
      <line num="1" count="1" type="stmt"/>
      <line num="2" count="1" type="stmt"/>
      <line num="3" count="1" type="stmt"/>
      <line num="4" count="1" type="stmt"/>
      <line num="5" count="1" type="stmt"/>
      <line num="6" count="1" type="stmt"/>
      <line num="7" count="1" type="stmt"/>
    </file>
    <file name="useBreedList.js" path="/home/tmatkovic/Projects/citr-v8-project/Testing/src/useBreedList.js">
      <metrics statements="11" coveredstatements="10" conditionals="1" coveredconditionals="0" methods="0" coveredmethods="0"/>
      <line num="1" count="1" type="stmt"/>
      <line num="2" count="1" type="stmt"/>
      <line num="3" count="1" type="stmt"/>
      <line num="4" count="1" type="stmt"/>
      <line num="5" count="1" type="stmt"/>
      <line num="6" count="1" type="stmt"/>
      <line num="7" count="1" type="stmt"/>
      <line num="8" count="1" type="cond" truecount="0" falsecount="1"/>
      <line num="9" count="0" type="stmt"/>
      <line num="10" count="1" type="stmt"/>
      <line num="11" count="1" type="stmt"/>
    </file>
  </project>
</coverage>
